<?xml version="1.0" encoding="UTF-8"?>
<!-- Generated by org.testng.reporters.JUnitXMLReporter -->
<testsuite ignored="0" hostname="DESKTOP-OLOHNL2" failures="0" tests="9" name="Default test" time="18.639" errors="0" timestamp="2024-04-06T02:59:29 GMT-03:00">
  <testcase classname="api.test.UserTestDataDriven" name="testPostUser" time="4.339"/>
  <testcase classname="api.test.UserTestDataDriven" name="testPostUser" time="1.586"/>
  <testcase classname="api.test.UserTestDataDriven" name="testPostUser" time="1.346"/>
  <testcase classname="api.test.UserTestDataDriven" name="testGetUserByName" time="1.329"/>
  <testcase classname="api.test.UserTestDataDriven" name="testGetUserByName" time="1.281"/>
  <testcase classname="api.test.UserTestDataDriven" name="testGetUserByName" time="1.778"/>
  <testcase classname="api.test.UserTestDataDriven" name="testDeleteUserByName" time="1.686"/>
  <testcase classname="api.test.UserTestDataDriven" name="testDeleteUserByName" time="1.595"/>
  <testcase classname="api.test.UserTestDataDriven" name="testDeleteUserByName" time="1.211"/>
</testsuite> <!-- Default test -->
