<?xml version="1.0" encoding="UTF-8"?>
<testng-results ignored="0" total="4" passed="4" failed="0" skipped="0">
  <reporter-output>
  </reporter-output>
  <suite started-at="2024-04-27T11:54:05 IST" name="PetSuite" finished-at="2024-04-27T11:54:16 IST" duration-ms="10787">
    <groups>
    </groups>
    <test started-at="2024-04-27T11:54:05 IST" name="Test" finished-at="2024-04-27T11:54:16 IST" duration-ms="10787">
      <class name="api.test.UserTests">
        <test-method is-config="true" signature="setupData()[pri:0, instance:api.test.UserTests@54709809]" started-at="2024-04-27T11:54:06 IST" name="setupData" finished-at="2024-04-27T11:54:06 IST" duration-ms="350" status="PASS">
          <reporter-output>
          </reporter-output>
        </test-method> <!-- setupData -->
        <test-method signature="testPostUser()[pri:1, instance:api.test.UserTests@54709809]" started-at="2024-04-27T11:54:06 IST" name="testPostUser" finished-at="2024-04-27T11:54:10 IST" duration-ms="4284" status="PASS">
          <reporter-output>
          </reporter-output>
        </test-method> <!-- testPostUser -->
        <test-method signature="testGetUser()[pri:2, instance:api.test.UserTests@54709809]" started-at="2024-04-27T11:54:10 IST" name="testGetUser" finished-at="2024-04-27T11:54:12 IST" duration-ms="1536" status="PASS">
          <reporter-output>
          </reporter-output>
        </test-method> <!-- testGetUser -->
        <test-method signature="testUpdateUserByName()[pri:3, instance:api.test.UserTests@54709809]" started-at="2024-04-27T11:54:12 IST" name="testUpdateUserByName" finished-at="2024-04-27T11:54:15 IST" duration-ms="2911" status="PASS">
          <reporter-output>
          </reporter-output>
        </test-method> <!-- testUpdateUserByName -->
        <test-method signature="testDeleteUserByName()[pri:4, instance:api.test.UserTests@54709809]" started-at="2024-04-27T11:54:15 IST" name="testDeleteUserByName" finished-at="2024-04-27T11:54:16 IST" duration-ms="1275" status="PASS">
          <reporter-output>
          </reporter-output>
        </test-method> <!-- testDeleteUserByName -->
      </class> <!-- api.test.UserTests -->
    </test> <!-- Test -->
  </suite> <!-- PetSuite -->
</testng-results>
