<?xml version="1.0" encoding="UTF-8"?>
<!-- Generated by org.testng.reporters.JUnitXMLReporter -->
<testsuite ignored="0" hostname="DESKTOP-OLOHNL2" failures="0" tests="4" name="Test" time="10.787" errors="0" timestamp="2024-04-27T11:54:16 IST">
  <testcase classname="api.test.UserTests" name="testPostUser" time="4.284"/>
  <testcase classname="api.test.UserTests" name="testGetUser" time="1.536"/>
  <testcase classname="api.test.UserTests" name="testUpdateUserByName" time="2.911"/>
  <testcase classname="api.test.UserTests" name="testDeleteUserByName" time="1.275"/>
</testsuite> <!-- Test -->
